  [4;36;1mSQL (0.0ms)[0m   [0;1mSET NAMES 'utf8'[0m
  [4;35;1mSQL (0.0ms)[0m   [0mSET SQL_AUTO_IS_NULL=0[0m


Processing SearchesController#new (for 127.0.0.1 at 2010-04-10 16:53:44) [GET]
  [4;36;1mSearch Columns (0.0ms)[0m   [0;1mSHOW FIELDS FROM `searches`[0m
  [4;35;1mPropertySearch Columns (15.0ms)[0m   [0mSHOW FIELDS FROM `property_searches`[0m
Rendering template within layouts/application
Rendering welcome/index
Rendered property_searches/_form (62.0ms)
Rendered searches/_form (78.0ms)
  [4;36;1mUser Columns (0.0ms)[0m   [0;1mSHOW FIELDS FROM `users`[0m
Completed in 188ms (View: 141, DB: 15) | 200 OK [http://localhost/searches/new]
  [4;35;1mSQL (0.0ms)[0m   [0mSET NAMES 'utf8'[0m
  [4;36;1mSQL (0.0ms)[0m   [0;1mSET SQL_AUTO_IS_NULL=0[0m


Processing ImagesController#ui to png (for 127.0.0.1 at 2010-04-10 16:53:50) [GET]
  Parameters: {"id"=>"ui-bg_flat_75_ffffff_40x100"}

ActionController::UnknownAction (No action responded to ui. Actions: create, destroy, edit, index, new, show, and update):
  

Rendering rescues/layout (not_found)
  [4;35;1mSQL (0.0ms)[0m   [0mSET NAMES 'utf8'[0m
  [4;36;1mSQL (0.0ms)[0m   [0;1mSET SQL_AUTO_IS_NULL=0[0m


Processing PostsController#new (for 127.0.0.1 at 2010-04-10 16:55:10) [GET]
  [4;35;1mPost Columns (0.0ms)[0m   [0mSHOW FIELDS FROM `posts`[0m
  [4;36;1mSQL (0.0ms)[0m   [0;1mBEGIN[0m
  [4;35;1mPost Create (0.0ms)[0m   [0mINSERT INTO `posts` (`available_from`, `updated_at`, `title`, `inspection_time`, `expiry_date`, `description`, `negotiable`, `user_id`, `created_at`) VALUES(NULL, '2010-04-10 06:55:10', NULL, NULL, NULL, NULL, NULL, NULL, '2010-04-10 06:55:10')[0m
  [4;36;1mSQL (47.0ms)[0m   [0;1mCOMMIT[0m
  [4;35;1mAddress Columns (0.0ms)[0m   [0mSHOW FIELDS FROM `addresses`[0m
Rendering template within layouts/application
Rendering posts/new
  [4;36;1mSuburb Load (0.0ms)[0m   [0;1mSELECT * FROM `suburbs` [0m
Rendered addresses/_form (32.0ms)
  [4;35;1mProperty Load (0.0ms)[0m   [0mSELECT * FROM `properties` WHERE (`properties`.post_id = 1) LIMIT 1[0m
Rendered properties/_form (16.0ms)
Rendered posts/_form (31.0ms)
  [4;36;1mUser Columns (16.0ms)[0m   [0;1mSHOW FIELDS FROM `users`[0m
Completed in 297ms (View: 171, DB: 79) | 200 OK [http://localhost/posts/new]
  [4;35;1mSQL (0.0ms)[0m   [0mSET NAMES 'utf8'[0m
  [4;36;1mSQL (0.0ms)[0m   [0;1mSET SQL_AUTO_IS_NULL=0[0m


Processing ImagesController#ui to png (for 127.0.0.1 at 2010-04-10 16:55:14) [GET]
  Parameters: {"id"=>"ui-bg_flat_75_ffffff_40x100"}

ActionController::UnknownAction (No action responded to ui. Actions: create, destroy, edit, index, new, show, and update):
  

Rendering rescues/layout (not_found)
  [4;35;1mSQL (0.0ms)[0m   [0mSET NAMES 'utf8'[0m
  [4;36;1mSQL (0.0ms)[0m   [0;1mSET SQL_AUTO_IS_NULL=0[0m


Processing AddressesController#create (for 127.0.0.1 at 2010-04-10 16:56:02) [POST]
  Parameters: {"authenticity_token"=>"UKrY0r8TLZrilfO7fD+w2kdA2ZwA7PoR07CE4G0ylYA=", "address"=>{"line1"=>"", "line2"=>"aa", "suburb_id"=>"", "post_id"=>"1"}}
  [4;35;1mAddress Columns (0.0ms)[0m   [0mSHOW FIELDS FROM `addresses`[0m
WARNING: Can't mass-assign these protected attributes: suburb_id, post_id
  [4;36;1mSQL (0.0ms)[0m   [0;1mBEGIN[0m
  [4;35;1mAddress Create (0.0ms)[0m   [0mINSERT INTO `addresses` (`line1`, `line2`, `updated_at`, `suburb_id`, `post_id`, `lng`, `lat`, `created_at`) VALUES('', 'aa', '2010-04-10 06:56:02', NULL, NULL, NULL, NULL, '2010-04-10 06:56:02')[0m
  [4;36;1mSQL (46.0ms)[0m   [0;1mCOMMIT[0m
Rendering addresses/create
Rendered addresses/_show (0.0ms)
Completed in 110ms (View: 32, DB: 46) | 200 OK [http://localhost/addresses]
  [4;35;1mSQL (0.0ms)[0m   [0mSET NAMES 'utf8'[0m
  [4;36;1mSQL (0.0ms)[0m   [0;1mSET SQL_AUTO_IS_NULL=0[0m


Processing PostsController#new (for 127.0.0.1 at 2010-04-10 16:59:43) [GET]
  [4;35;1mPost Columns (16.0ms)[0m   [0mSHOW FIELDS FROM `posts`[0m
  [4;36;1mSQL (0.0ms)[0m   [0;1mBEGIN[0m
  [4;35;1mPost Create (0.0ms)[0m   [0mINSERT INTO `posts` (`available_from`, `updated_at`, `title`, `inspection_time`, `expiry_date`, `description`, `negotiable`, `user_id`, `created_at`) VALUES(NULL, '2010-04-10 06:59:43', NULL, NULL, NULL, NULL, NULL, NULL, '2010-04-10 06:59:43')[0m
  [4;36;1mSQL (31.0ms)[0m   [0;1mCOMMIT[0m
  [4;35;1mAddress Columns (15.0ms)[0m   [0mSHOW FIELDS FROM `addresses`[0m
Rendering template within layouts/application
Rendering posts/new
  [4;36;1mSuburb Load (0.0ms)[0m   [0;1mSELECT * FROM `suburbs` [0m
Rendered addresses/_form (78.0ms)
  [4;35;1mProperty Load (0.0ms)[0m   [0mSELECT * FROM `properties` WHERE (`properties`.post_id = 2) LIMIT 1[0m
Rendered properties/_form (31.0ms)
Rendered posts/_form (16.0ms)
  [4;36;1mUser Columns (16.0ms)[0m   [0;1mSHOW FIELDS FROM `users`[0m
Completed in 422ms (View: 313, DB: 78) | 200 OK [http://localhost/posts/new]
  [4;35;1mSQL (0.0ms)[0m   [0mSET NAMES 'utf8'[0m
  [4;36;1mSQL (0.0ms)[0m   [0;1mSET SQL_AUTO_IS_NULL=0[0m


Processing ImagesController#ui to png (for 127.0.0.1 at 2010-04-10 16:59:49) [GET]
  Parameters: {"id"=>"ui-bg_flat_75_ffffff_40x100"}

ActionController::UnknownAction (No action responded to ui. Actions: create, destroy, edit, index, new, show, and update):
  

Rendering rescues/layout (not_found)
  [4;35;1mSQL (0.0ms)[0m   [0mSET NAMES 'utf8'[0m
  [4;36;1mSQL (0.0ms)[0m   [0;1mSET SQL_AUTO_IS_NULL=0[0m


Processing AddressesController#create (for 127.0.0.1 at 2010-04-10 16:59:59) [POST]
  Parameters: {"authenticity_token"=>"UKrY0r8TLZrilfO7fD+w2kdA2ZwA7PoR07CE4G0ylYA=", "address"=>{"line1"=>"", "line2"=>"bbbbbbb", "suburb_id"=>"", "post_id"=>"2"}}
  [4;35;1mAddress Columns (16.0ms)[0m   [0mSHOW FIELDS FROM `addresses`[0m
WARNING: Can't mass-assign these protected attributes: suburb_id, post_id
  [4;36;1mSQL (0.0ms)[0m   [0;1mBEGIN[0m
  [4;35;1mAddress Create (0.0ms)[0m   [0mINSERT INTO `addresses` (`line1`, `line2`, `updated_at`, `suburb_id`, `post_id`, `lng`, `lat`, `created_at`) VALUES('', 'bbbbbbb', '2010-04-10 06:59:59', NULL, NULL, NULL, NULL, '2010-04-10 06:59:59')[0m
  [4;36;1mSQL (156.0ms)[0m   [0;1mCOMMIT[0m
Rendering addresses/create
Rendered addresses/_show (16.0ms)
Completed in 250ms (View: 63, DB: 172) | 200 OK [http://localhost/addresses]
  [4;36;1mSQL (47.0ms)[0m   [0;1mSET NAMES 'utf8'[0m
  [4;35;1mSQL (32.0ms)[0m   [0mSET SQL_AUTO_IS_NULL=0[0m


Processing WelcomeController#index (for 127.0.0.1 at 2010-04-10 19:59:53) [GET]
Redirected to http://localhost:3000/searches/new
Completed in 0ms (DB: 79) | 302 Found [http://localhost/]
  [4;36;1mSQL (0.0ms)[0m   [0;1mSET NAMES 'utf8'[0m
  [4;35;1mSQL (0.0ms)[0m   [0mSET SQL_AUTO_IS_NULL=0[0m


Processing SearchesController#new (for 127.0.0.1 at 2010-04-10 19:59:54) [GET]
  [4;36;1mSearch Columns (485.0ms)[0m   [0;1mSHOW FIELDS FROM `searches`[0m
  [4;35;1mPropertySearch Columns (47.0ms)[0m   [0mSHOW FIELDS FROM `property_searches`[0m
Rendering template within layouts/application
Rendering welcome/index
Rendered property_searches/_form (63.0ms)
Rendered searches/_form (94.0ms)
  [4;36;1mUser Columns (62.0ms)[0m   [0;1mSHOW FIELDS FROM `users`[0m
Completed in 2156ms (View: 703, DB: 704) | 200 OK [http://localhost/searches/new]
  [4;35;1mSQL (0.0ms)[0m   [0mSET NAMES 'utf8'[0m
  [4;36;1mSQL (0.0ms)[0m   [0;1mSET SQL_AUTO_IS_NULL=0[0m


Processing ImagesController#ui to png (for 127.0.0.1 at 2010-04-10 20:00:01) [GET]
  Parameters: {"id"=>"ui-bg_flat_75_ffffff_40x100"}

ActionController::UnknownAction (No action responded to ui. Actions: create, destroy, edit, index, new, show, and update):
  

Rendering rescues/layout (not_found)
  [4;35;1mSQL (0.0ms)[0m   [0mSET NAMES 'utf8'[0m
  [4;36;1mSQL (0.0ms)[0m   [0;1mSET SQL_AUTO_IS_NULL=0[0m


Processing PostsController#new (for 127.0.0.1 at 2010-04-10 20:04:37) [GET]
  [4;35;1mPost Columns (63.0ms)[0m   [0mSHOW FIELDS FROM `posts`[0m
  [4;36;1mSQL (0.0ms)[0m   [0;1mBEGIN[0m
  [4;35;1mPost Create (16.0ms)[0m   [0mINSERT INTO `posts` (`available_from`, `updated_at`, `title`, `inspection_time`, `expiry_date`, `description`, `negotiable`, `user_id`, `created_at`) VALUES(NULL, '2010-04-10 10:04:37', NULL, NULL, NULL, NULL, NULL, NULL, '2010-04-10 10:04:37')[0m
  [4;36;1mSQL (31.0ms)[0m   [0;1mCOMMIT[0m
  [4;35;1mAddress Columns (31.0ms)[0m   [0mSHOW FIELDS FROM `addresses`[0m
Rendering template within layouts/application
Rendering posts/new
  [4;36;1mSuburb Load (63.0ms)[0m   [0;1mSELECT * FROM `suburbs` [0m
Rendered addresses/_form (125.0ms)
  [4;35;1mProperty Load (31.0ms)[0m   [0mSELECT * FROM `properties` WHERE (`properties`.post_id = 3) LIMIT 1[0m
Rendered properties/_form (32.0ms)
Rendered posts/_form (31.0ms)
  [4;36;1mUser Columns (16.0ms)[0m   [0;1mSHOW FIELDS FROM `users`[0m
Completed in 578ms (View: 249, DB: 283) | 200 OK [http://localhost/posts/new]
  [4;35;1mSQL (0.0ms)[0m   [0mSET NAMES 'utf8'[0m
  [4;36;1mSQL (0.0ms)[0m   [0;1mSET SQL_AUTO_IS_NULL=0[0m


Processing ImagesController#ui to png (for 127.0.0.1 at 2010-04-10 20:04:42) [GET]
  Parameters: {"id"=>"ui-bg_flat_75_ffffff_40x100"}

ActionController::UnknownAction (No action responded to ui. Actions: create, destroy, edit, index, new, show, and update):
  

Rendering rescues/layout (not_found)
  [4;35;1mSQL (0.0ms)[0m   [0mSET NAMES 'utf8'[0m
  [4;36;1mSQL (0.0ms)[0m   [0;1mSET SQL_AUTO_IS_NULL=0[0m


Processing WelcomeController#index (for 127.0.0.1 at 2010-04-10 20:05:31) [GET]
Redirected to http://localhost:3000/searches/new
Completed in 16ms (DB: 0) | 302 Found [http://localhost/]
  [4;35;1mSQL (0.0ms)[0m   [0mSET NAMES 'utf8'[0m
  [4;36;1mSQL (0.0ms)[0m   [0;1mSET SQL_AUTO_IS_NULL=0[0m


Processing SearchesController#new (for 127.0.0.1 at 2010-04-10 20:05:32) [GET]
  [4;35;1mSearch Columns (15.0ms)[0m   [0mSHOW FIELDS FROM `searches`[0m
  [4;36;1mPropertySearch Columns (0.0ms)[0m   [0;1mSHOW FIELDS FROM `property_searches`[0m
Rendering template within layouts/application
Rendering welcome/index
Rendered property_searches/_form (63.0ms)
Rendered searches/_form (78.0ms)
  [4;35;1mUser Columns (0.0ms)[0m   [0mSHOW FIELDS FROM `users`[0m
Completed in 203ms (View: 156, DB: 15) | 200 OK [http://localhost/searches/new]
  [4;36;1mSQL (0.0ms)[0m   [0;1mSET NAMES 'utf8'[0m
  [4;35;1mSQL (0.0ms)[0m   [0mSET SQL_AUTO_IS_NULL=0[0m


Processing ImagesController#ui to png (for 127.0.0.1 at 2010-04-10 20:05:36) [GET]
  Parameters: {"id"=>"ui-bg_flat_75_ffffff_40x100"}

ActionController::UnknownAction (No action responded to ui. Actions: create, destroy, edit, index, new, show, and update):
  

Rendering rescues/layout (not_found)
  [4;36;1mSQL (0.0ms)[0m   [0;1mSET NAMES 'utf8'[0m
  [4;35;1mSQL (0.0ms)[0m   [0mSET SQL_AUTO_IS_NULL=0[0m


Processing SearchesController#new (for 127.0.0.1 at 2010-04-10 20:26:21) [GET]
  [4;36;1mSearch Columns (31.0ms)[0m   [0;1mSHOW FIELDS FROM `searches`[0m
  [4;35;1mPropertySearch Columns (16.0ms)[0m   [0mSHOW FIELDS FROM `property_searches`[0m
Rendering template within layouts/application
Rendering welcome/index
Rendered property_searches/_form (125.0ms)
Rendered searches/_form (125.0ms)
  [4;36;1mUser Columns (0.0ms)[0m   [0;1mSHOW FIELDS FROM `users`[0m
Completed in 344ms (View: 219, DB: 47) | 200 OK [http://localhost/searches/new]
  [4;35;1mSQL (0.0ms)[0m   [0mSET NAMES 'utf8'[0m
  [4;36;1mSQL (0.0ms)[0m   [0;1mSET SQL_AUTO_IS_NULL=0[0m


Processing ImagesController#ui to png (for 127.0.0.1 at 2010-04-10 20:26:31) [GET]
  Parameters: {"id"=>"ui-bg_flat_75_ffffff_40x100"}

ActionController::UnknownAction (No action responded to ui. Actions: create, destroy, edit, index, new, show, and update):
  

Rendering rescues/layout (not_found)
  [4;35;1mSQL (0.0ms)[0m   [0mSET NAMES 'utf8'[0m
  [4;36;1mSQL (0.0ms)[0m   [0;1mSET SQL_AUTO_IS_NULL=0[0m


Processing SearchesController#new (for 127.0.0.1 at 2010-04-10 20:29:50) [GET]
  [4;35;1mSearch Columns (16.0ms)[0m   [0mSHOW FIELDS FROM `searches`[0m
  [4;36;1mPropertySearch Columns (15.0ms)[0m   [0;1mSHOW FIELDS FROM `property_searches`[0m
Rendering template within layouts/application
Rendering welcome/index
Rendered property_searches/_form (109.0ms)
Rendered searches/_form (125.0ms)
  [4;35;1mUser Columns (0.0ms)[0m   [0mSHOW FIELDS FROM `users`[0m
Completed in 297ms (View: 219, DB: 31) | 200 OK [http://localhost/searches/new]
  [4;36;1mSQL (0.0ms)[0m   [0;1mSET NAMES 'utf8'[0m
  [4;35;1mSQL (0.0ms)[0m   [0mSET SQL_AUTO_IS_NULL=0[0m


Processing ImagesController#ui to png (for 127.0.0.1 at 2010-04-10 20:29:56) [GET]
  Parameters: {"id"=>"ui-bg_flat_75_ffffff_40x100"}

ActionController::UnknownAction (No action responded to ui. Actions: create, destroy, edit, index, new, show, and update):
  

Rendering rescues/layout (not_found)
  [4;36;1mSQL (0.0ms)[0m   [0;1mSET NAMES 'utf8'[0m
  [4;35;1mSQL (0.0ms)[0m   [0mSET SQL_AUTO_IS_NULL=0[0m


Processing SearchesController#new (for 127.0.0.1 at 2010-04-10 20:31:19) [GET]
  [4;36;1mSearch Columns (0.0ms)[0m   [0;1mSHOW FIELDS FROM `searches`[0m
  [4;35;1mPropertySearch Columns (16.0ms)[0m   [0mSHOW FIELDS FROM `property_searches`[0m
Rendering template within layouts/application
Rendering welcome/index
Rendered property_searches/_form (62.0ms)
Rendered searches/_form (62.0ms)
  [4;36;1mUser Columns (15.0ms)[0m   [0;1mSHOW FIELDS FROM `users`[0m
Completed in 187ms (View: 110, DB: 31) | 200 OK [http://localhost/searches/new]
  [4;35;1mSQL (0.0ms)[0m   [0mSET NAMES 'utf8'[0m
  [4;36;1mSQL (0.0ms)[0m   [0;1mSET SQL_AUTO_IS_NULL=0[0m


Processing ImagesController#ui to png (for 127.0.0.1 at 2010-04-10 20:31:25) [GET]
  Parameters: {"id"=>"ui-bg_flat_75_ffffff_40x100"}

ActionController::UnknownAction (No action responded to ui. Actions: create, destroy, edit, index, new, show, and update):
  

Rendering rescues/layout (not_found)
  [4;35;1mSQL (0.0ms)[0m   [0mSET NAMES 'utf8'[0m
  [4;36;1mSQL (0.0ms)[0m   [0;1mSET SQL_AUTO_IS_NULL=0[0m


Processing SearchesController#new (for 127.0.0.1 at 2010-04-10 20:41:17) [GET]
  [4;35;1mSearch Columns (0.0ms)[0m   [0mSHOW FIELDS FROM `searches`[0m
  [4;36;1mPropertySearch Columns (0.0ms)[0m   [0;1mSHOW FIELDS FROM `property_searches`[0m
Rendering template within layouts/application
Rendering welcome/index
Rendered property_searches/_form (46.0ms)
Rendered searches/_form (46.0ms)
  [4;35;1mUser Columns (0.0ms)[0m   [0mSHOW FIELDS FROM `users`[0m
Completed in 140ms (View: 93, DB: 0) | 200 OK [http://localhost/searches/new]
  [4;36;1mSQL (0.0ms)[0m   [0;1mSET NAMES 'utf8'[0m
  [4;35;1mSQL (0.0ms)[0m   [0mSET SQL_AUTO_IS_NULL=0[0m


Processing ImagesController#ui to png (for 127.0.0.1 at 2010-04-10 20:41:23) [GET]
  Parameters: {"id"=>"ui-bg_flat_75_ffffff_40x100"}

ActionController::UnknownAction (No action responded to ui. Actions: create, destroy, edit, index, new, show, and update):
  

Rendering rescues/layout (not_found)
  [4;36;1mSQL (0.0ms)[0m   [0;1mSET NAMES 'utf8'[0m
  [4;35;1mSQL (0.0ms)[0m   [0mSET SQL_AUTO_IS_NULL=0[0m


Processing SearchesController#new (for 127.0.0.1 at 2010-04-10 20:41:49) [GET]
  [4;36;1mSearch Columns (125.0ms)[0m   [0;1mSHOW FIELDS FROM `searches`[0m
  [4;35;1mPropertySearch Columns (0.0ms)[0m   [0mSHOW FIELDS FROM `property_searches`[0m
Rendering template within layouts/application
Rendering welcome/index
Rendered property_searches/_form (234.0ms)
Rendered searches/_form (250.0ms)
  [4;36;1mUser Columns (0.0ms)[0m   [0;1mSHOW FIELDS FROM `users`[0m
Completed in 593ms (View: 375, DB: 125) | 200 OK [http://localhost/searches/new]
  [4;35;1mSQL (0.0ms)[0m   [0mSET NAMES 'utf8'[0m
  [4;36;1mSQL (0.0ms)[0m   [0;1mSET SQL_AUTO_IS_NULL=0[0m


Processing ImagesController#show to png (for 127.0.0.1 at 2010-04-10 20:41:54) [GET]
  Parameters: {"id"=>"logo"}
  [4;35;1mImage Columns (31.0ms)[0m   [0mSHOW FIELDS FROM `images`[0m
  [4;36;1mImage Load (16.0ms)[0m   [0;1mSELECT * FROM `images` WHERE (`images`.`id` = 0) [0m

ActiveRecord::RecordNotFound (Couldn't find Image with ID=logo):
  app/controllers/images_controller.rb:7:in `show'

Rendered rescues/_trace (125.0ms)
Rendered rescues/_request_and_response (0.0ms)
Rendering rescues/layout (not_found)
  [4;35;1mSQL (0.0ms)[0m   [0mSET NAMES 'utf8'[0m
  [4;36;1mSQL (0.0ms)[0m   [0;1mSET SQL_AUTO_IS_NULL=0[0m


Processing ImagesController#ui to png (for 127.0.0.1 at 2010-04-10 20:41:55) [GET]
  Parameters: {"id"=>"ui-bg_flat_75_ffffff_40x100"}

ActionController::UnknownAction (No action responded to ui. Actions: create, destroy, edit, index, new, show, and update):
  

Rendering rescues/layout (not_found)
  [4;35;1mSQL (0.0ms)[0m   [0mSET NAMES 'utf8'[0m
  [4;36;1mSQL (0.0ms)[0m   [0;1mSET SQL_AUTO_IS_NULL=0[0m


Processing SearchesController#new (for 127.0.0.1 at 2010-04-10 20:43:05) [GET]
  [4;35;1mSearch Columns (0.0ms)[0m   [0mSHOW FIELDS FROM `searches`[0m
  [4;36;1mPropertySearch Columns (16.0ms)[0m   [0;1mSHOW FIELDS FROM `property_searches`[0m
Rendering template within layouts/application
Rendering welcome/index
Rendered property_searches/_form (47.0ms)
Rendered searches/_form (62.0ms)
  [4;35;1mUser Columns (0.0ms)[0m   [0mSHOW FIELDS FROM `users`[0m
Completed in 156ms (View: 109, DB: 16) | 200 OK [http://localhost/searches/new]
  [4;36;1mSQL (0.0ms)[0m   [0;1mSET NAMES 'utf8'[0m
  [4;35;1mSQL (0.0ms)[0m   [0mSET SQL_AUTO_IS_NULL=0[0m


Processing ImagesController#show to jpeg (for 127.0.0.1 at 2010-04-10 20:43:10) [GET]
  Parameters: {"id"=>"logo"}
  [4;36;1mImage Columns (0.0ms)[0m   [0;1mSHOW FIELDS FROM `images`[0m
  [4;35;1mImage Load (0.0ms)[0m   [0mSELECT * FROM `images` WHERE (`images`.`id` = 0) [0m

ActiveRecord::RecordNotFound (Couldn't find Image with ID=logo):
  app/controllers/images_controller.rb:7:in `show'

Rendered rescues/_trace (93.0ms)
Rendered rescues/_request_and_response (0.0ms)
Rendering rescues/layout (not_found)
  [4;36;1mSQL (0.0ms)[0m   [0;1mSET NAMES 'utf8'[0m
  [4;35;1mSQL (0.0ms)[0m   [0mSET SQL_AUTO_IS_NULL=0[0m


Processing ImagesController#ui to png (for 127.0.0.1 at 2010-04-10 20:43:11) [GET]
  Parameters: {"id"=>"ui-bg_flat_75_ffffff_40x100"}

ActionController::UnknownAction (No action responded to ui. Actions: create, destroy, edit, index, new, show, and update):
  

Rendering rescues/layout (not_found)
  [4;36;1mSQL (0.0ms)[0m   [0;1mSET NAMES 'utf8'[0m
  [4;35;1mSQL (0.0ms)[0m   [0mSET SQL_AUTO_IS_NULL=0[0m


Processing SearchesController#new (for 127.0.0.1 at 2010-04-10 20:43:27) [GET]
  [4;36;1mSearch Columns (15.0ms)[0m   [0;1mSHOW FIELDS FROM `searches`[0m
  [4;35;1mPropertySearch Columns (16.0ms)[0m   [0mSHOW FIELDS FROM `property_searches`[0m
Rendering template within layouts/application
Rendering welcome/index
Rendered property_searches/_form (46.0ms)
Rendered searches/_form (62.0ms)
  [4;36;1mUser Columns (16.0ms)[0m   [0;1mSHOW FIELDS FROM `users`[0m
Completed in 266ms (View: 203, DB: 47) | 200 OK [http://localhost/searches/new]
  [4;35;1mSQL (16.0ms)[0m   [0mSET NAMES 'utf8'[0m
  [4;36;1mSQL (0.0ms)[0m   [0;1mSET SQL_AUTO_IS_NULL=0[0m


Processing ImagesController#ui to png (for 127.0.0.1 at 2010-04-10 20:43:32) [GET]
  Parameters: {"id"=>"ui-bg_flat_75_ffffff_40x100"}

ActionController::UnknownAction (No action responded to ui. Actions: create, destroy, edit, index, new, show, and update):
  

Rendering rescues/layout (not_found)
  [4;35;1mSQL (0.0ms)[0m   [0mSET NAMES 'utf8'[0m
  [4;36;1mSQL (0.0ms)[0m   [0;1mSET SQL_AUTO_IS_NULL=0[0m


Processing ImagesController#show to jpng (for 127.0.0.1 at 2010-04-10 20:44:23) [GET]
  Parameters: {"id"=>"logo"}
  [4;35;1mImage Columns (16.0ms)[0m   [0mSHOW FIELDS FROM `images`[0m
  [4;36;1mImage Load (0.0ms)[0m   [0;1mSELECT * FROM `images` WHERE (`images`.`id` = 0) [0m

ActiveRecord::RecordNotFound (Couldn't find Image with ID=logo):
  app/controllers/images_controller.rb:7:in `show'

Rendered rescues/_trace (110.0ms)
Rendered rescues/_request_and_response (0.0ms)
Rendering rescues/layout (not_found)
  [4;35;1mSQL (0.0ms)[0m   [0mSET NAMES 'utf8'[0m
  [4;36;1mSQL (0.0ms)[0m   [0;1mSET SQL_AUTO_IS_NULL=0[0m


Processing ImagesController#show to p (for 127.0.0.1 at 2010-04-10 20:44:26) [GET]
  Parameters: {"id"=>"logo"}
  [4;35;1mImage Columns (0.0ms)[0m   [0mSHOW FIELDS FROM `images`[0m
  [4;36;1mImage Load (0.0ms)[0m   [0;1mSELECT * FROM `images` WHERE (`images`.`id` = 0) [0m

ActiveRecord::RecordNotFound (Couldn't find Image with ID=logo):
  app/controllers/images_controller.rb:7:in `show'

Rendered rescues/_trace (203.0ms)
Rendered rescues/_request_and_response (0.0ms)
Rendering rescues/layout (not_found)
  [4;35;1mSQL (0.0ms)[0m   [0mSET NAMES 'utf8'[0m
  [4;36;1mSQL (0.0ms)[0m   [0;1mSET SQL_AUTO_IS_NULL=0[0m


Processing ApplicationController#index (for 127.0.0.1 at 2010-04-10 20:44:26) [GET]

ActionController::RoutingError (No route matches "/images/logo." with {:method=>:get}):
  

Rendering rescues/layout (not_found)
  [4;35;1mSQL (0.0ms)[0m   [0mSET NAMES 'utf8'[0m
  [4;36;1mSQL (0.0ms)[0m   [0;1mSET SQL_AUTO_IS_NULL=0[0m


Processing SearchesController#new (for 127.0.0.1 at 2010-04-10 20:44:39) [GET]
  [4;35;1mSearch Columns (16.0ms)[0m   [0mSHOW FIELDS FROM `searches`[0m
  [4;36;1mPropertySearch Columns (16.0ms)[0m   [0;1mSHOW FIELDS FROM `property_searches`[0m
Rendering template within layouts/application
Rendering welcome/index
Rendered property_searches/_form (31.0ms)
Rendered searches/_form (46.0ms)
  [4;35;1mUser Columns (0.0ms)[0m   [0mSHOW FIELDS FROM `users`[0m
Completed in 156ms (View: 109, DB: 32) | 200 OK [http://localhost/searches/new]
  [4;36;1mSQL (0.0ms)[0m   [0;1mSET NAMES 'utf8'[0m
  [4;35;1mSQL (0.0ms)[0m   [0mSET SQL_AUTO_IS_NULL=0[0m


Processing ImagesController#ui to png (for 127.0.0.1 at 2010-04-10 20:44:44) [GET]
  Parameters: {"id"=>"ui-bg_flat_75_ffffff_40x100"}

ActionController::UnknownAction (No action responded to ui. Actions: create, destroy, edit, index, new, show, and update):
  

Rendering rescues/layout (not_found)
  [4;36;1mSQL (0.0ms)[0m   [0;1mSET NAMES 'utf8'[0m
  [4;35;1mSQL (0.0ms)[0m   [0mSET SQL_AUTO_IS_NULL=0[0m


Processing PostsController#new (for 127.0.0.1 at 2010-04-10 20:51:25) [GET]
  [4;36;1mPost Columns (0.0ms)[0m   [0;1mSHOW FIELDS FROM `posts`[0m
  [4;35;1mSQL (0.0ms)[0m   [0mBEGIN[0m
  [4;36;1mPost Create (0.0ms)[0m   [0;1mINSERT INTO `posts` (`available_from`, `updated_at`, `title`, `inspection_time`, `expiry_date`, `description`, `negotiable`, `user_id`, `created_at`) VALUES(NULL, '2010-04-10 10:51:25', NULL, NULL, NULL, NULL, NULL, NULL, '2010-04-10 10:51:25')[0m
  [4;35;1mSQL (16.0ms)[0m   [0mCOMMIT[0m
  [4;36;1mAddress Columns (0.0ms)[0m   [0;1mSHOW FIELDS FROM `addresses`[0m
Rendering template within layouts/application
Rendering posts/new
  [4;35;1mSuburb Load (0.0ms)[0m   [0mSELECT * FROM `suburbs` [0m
Rendered addresses/_form (62.0ms)
  [4;36;1mProperty Load (0.0ms)[0m   [0;1mSELECT * FROM `properties` WHERE (`properties`.post_id = 4) LIMIT 1[0m
Rendered properties/_form (16.0ms)
Rendered posts/_form (15.0ms)
  [4;35;1mUser Columns (0.0ms)[0m   [0mSHOW FIELDS FROM `users`[0m
Completed in 281ms (View: 156, DB: 16) | 200 OK [http://localhost/posts/new]
  [4;36;1mSQL (0.0ms)[0m   [0;1mSET NAMES 'utf8'[0m
  [4;35;1mSQL (0.0ms)[0m   [0mSET SQL_AUTO_IS_NULL=0[0m


Processing ImagesController#ui to png (for 127.0.0.1 at 2010-04-10 20:51:30) [GET]
  Parameters: {"id"=>"ui-bg_flat_75_ffffff_40x100"}

ActionController::UnknownAction (No action responded to ui. Actions: create, destroy, edit, index, new, show, and update):
  

Rendering rescues/layout (not_found)
